<?xml version="1.0" encoding="UTF-8"?>
<!-- Generated by org.testng.reporters.JUnitXMLReporter -->
<testsuite hostname="DESKTOP-T3FFUFN" ignored="0" name="Command line test" tests="2" failures="0" timestamp="2022-04-06T22:34:56 ICT" time="21.922" errors="0">
  <testcase name="runScenario" time="15.052" classname="io.cucumber.testng.AbstractTestNGCucumberTests"/>
  <testcase name="runScenario" time="1.386" classname="io.cucumber.testng.AbstractTestNGCucumberTests"/>
</testsuite> <!-- Command line test -->
