<?xml version="1.0" encoding="UTF-8" ?>
<testsuite tests="3" failures="2" name="CucumberRunner.TestRunner" time="57.466" errors="0" skipped="0">
  <properties>
[...]
</properties>
  <testcase classname="CucumberRunner.TestRunner" name="runScenario" time="17.188"/>
  <testcase classname="CucumberRunner.TestRunner" name="runScenario" time="14.59">
    <failure message="no such element: Unable to locate element: {&quot;method&quot;:&quot;xpath&quot;,&quot;selector&quot;:&quot;//button[@id=&apos;add-to-cart-sauce-labs-backpack&apos;]&quot;}
  (Session info: chrome=100.0.4896.60)
For documentation on this error, please visit: https://selenium.dev/exceptions/#no_such_element
Build info: version: &apos;4.1.2&apos;, revision: &apos;9a5a329c5a&apos;
System info: host: &apos;DESKTOP-T3FFUFN&apos;, ip: &apos;10.201.73.134&apos;, os.name: &apos;Windows 10&apos;, os.arch: &apos;amd64&apos;, os.version: &apos;10.0&apos;, java.version: &apos;1.8.0_311&apos;
Driver info: org.openqa.selenium.chrome.ChromeDriver
Command: [f8207584148d19b92b3040093bad22c9, findElement {using=xpath, value=//button[@id=&apos;add-to-cart-sauce-labs-backpack&apos;]}]
Capabilities {acceptInsecureCerts: false, browserName: chrome, browserVersion: 100.0.4896.60, chrome: {chromedriverVersion: 100.0.4896.60 (6a5d10861ce8..., userDataDir: C:\Users\asani\AppData\Loca...}, goog:chromeOptions: {debuggerAddress: localhost:56057}, javascriptEnabled: true, networkConnectionEnabled: false, pageLoadStrategy: normal, platform: WINDOWS, platformName: WINDOWS, proxy: Proxy(), se:cdp: ws://localhost:56057/devtoo..., se:cdpVersion: 100.0.4896.60, setWindowRect: true, strictFileInteractability: false, timeouts: {implicit: 0, pageLoad: 300000, script: 30000}, unhandledPromptBehavior: dismiss and notify, webauthn:extension:credBlob: true, webauthn:extension:largeBlob: true, webauthn:virtualAuthenticators: true}
Session ID: f8207584148d19b92b3040093bad22c9" type="org.openqa.selenium.NoSuchElementException">org.openqa.selenium.NoSuchElementException: no such element: Unable to locate element: {&quot;method&quot;:&quot;xpath&quot;,&quot;selector&quot;:&quot;//button[@id=&apos;add-to-cart-sauce-labs-backpack&apos;]&quot;}
  (Session info: chrome=100.0.4896.60)
For documentation on this error, please visit: https://selenium.dev/exceptions/#no_such_element
Build info: version: &apos;4.1.2&apos;, revision: &apos;9a5a329c5a&apos;
System info: host: &apos;DESKTOP-T3FFUFN&apos;, ip: &apos;10.201.73.134&apos;, os.name: &apos;Windows 10&apos;, os.arch: &apos;amd64&apos;, os.version: &apos;10.0&apos;, java.version: &apos;1.8.0_311&apos;
Driver info: org.openqa.selenium.chrome.ChromeDriver
Command: [f8207584148d19b92b3040093bad22c9, findElement {using=xpath, value=//button[@id=&apos;add-to-cart-sauce-labs-backpack&apos;]}]
Capabilities {acceptInsecureCerts: false, browserName: chrome, browserVersion: 100.0.4896.60, chrome: {chromedriverVersion: 100.0.4896.60 (6a5d10861ce8..., userDataDir: C:\Users\asani\AppData\Loca...}, goog:chromeOptions: {debuggerAddress: localhost:56057}, javascriptEnabled: true, networkConnectionEnabled: false, pageLoadStrategy: normal, platform: WINDOWS, platformName: WINDOWS, proxy: Proxy(), se:cdp: ws://localhost:56057/devtoo..., se:cdpVersion: 100.0.4896.60, setWindowRect: true, strictFileInteractability: false, timeouts: {implicit: 0, pageLoad: 300000, script: 30000}, unhandledPromptBehavior: dismiss and notify, webauthn:extension:credBlob: true, webauthn:extension:largeBlob: true, webauthn:virtualAuthenticators: true}
Session ID: f8207584148d19b92b3040093bad22c9
	at sun.reflect.NativeConstructorAccessorImpl.newInstance0(Native Method)
	at sun.reflect.NativeConstructorAccessorImpl.newInstance(NativeConstructorAccessorImpl.java:62)
	at sun.reflect.DelegatingConstructorAccessorImpl.newInstance(DelegatingConstructorAccessorImpl.java:45)
	at java.lang.reflect.Constructor.newInstance(Constructor.java:423)
	at org.openqa.selenium.remote.codec.w3c.W3CHttpResponseCodec.createException(W3CHttpResponseCodec.java:200)
	at org.openqa.selenium.remote.codec.w3c.W3CHttpResponseCodec.decode(W3CHttpResponseCodec.java:133)
	at org.openqa.selenium.remote.codec.w3c.W3CHttpResponseCodec.decode(W3CHttpResponseCodec.java:53)
	at org.openqa.selenium.remote.HttpCommandExecutor.execute(HttpCommandExecutor.java:184)
	at org.openqa.selenium.remote.service.DriverCommandExecutor.invokeExecute(DriverCommandExecutor.java:167)
	at org.openqa.selenium.remote.service.DriverCommandExecutor.execute(DriverCommandExecutor.java:142)
	at org.openqa.selenium.remote.RemoteWebDriver.execute(RemoteWebDriver.java:558)
	at org.openqa.selenium.remote.ElementLocation$ElementFinder$2.findElement(ElementLocation.java:162)
	at org.openqa.selenium.remote.ElementLocation.findElement(ElementLocation.java:60)
	at org.openqa.selenium.remote.RemoteWebDriver.findElement(RemoteWebDriver.java:382)
	at org.openqa.selenium.remote.RemoteWebDriver.findElement(RemoteWebDriver.java:374)
	at yourCart.addProduct.addProduct1(addProduct.java:17)
	at stepDefinitions.stepDefinition.addToCartProducts(stepDefinition.java:63)
	at ✽.: Add to cart products(file:///C:/Users/asani/IdeaProjects/CucumberTestng_AllureReport/src/test/resources/SwagLabs/2.YourCart.feature:6)
</failure>
    <system-out>
Scenario: User adds product to cart     # src/test/resources/SwagLabs/2.YourCart.feature:2
  Given : Open the Swag labs in browser # stepDefinitions.stepDefinition.openTheSwagLabsInBrowser()
  And : Input username and password     # stepDefinitions.stepDefinition.inputUsernameAndPassword()
  And : Click login                     # stepDefinitions.stepDefinition.clickLogin()
  And : Add to cart products            # stepDefinitions.stepDefinition.addToCartProducts()
      org.openqa.selenium.NoSuchElementException: no such element: Unable to locate element: {&quot;method&quot;:&quot;xpath&quot;,&quot;selector&quot;:&quot;//button[@id=&apos;add-to-cart-sauce-labs-backpack&apos;]&quot;}
  (Session info: chrome=100.0.4896.60)
For documentation on this error, please visit: https://selenium.dev/exceptions/#no_such_element
Build info: version: &apos;4.1.2&apos;, revision: &apos;9a5a329c5a&apos;
System info: host: &apos;DESKTOP-T3FFUFN&apos;, ip: &apos;10.201.73.134&apos;, os.name: &apos;Windows 10&apos;, os.arch: &apos;amd64&apos;, os.version: &apos;10.0&apos;, java.version: &apos;1.8.0_311&apos;
Driver info: org.openqa.selenium.chrome.ChromeDriver
Command: [f8207584148d19b92b3040093bad22c9, findElement {using=xpath, value=//button[@id=&apos;add-to-cart-sauce-labs-backpack&apos;]}]
Capabilities {acceptInsecureCerts: false, browserName: chrome, browserVersion: 100.0.4896.60, chrome: {chromedriverVersion: 100.0.4896.60 (6a5d10861ce8..., userDataDir: C:\Users\asani\AppData\Loca...}, goog:chromeOptions: {debuggerAddress: localhost:56057}, javascriptEnabled: true, networkConnectionEnabled: false, pageLoadStrategy: normal, platform: WINDOWS, platformName: WINDOWS, proxy: Proxy(), se:cdp: ws://localhost:56057/devtoo..., se:cdpVersion: 100.0.4896.60, setWindowRect: true, strictFileInteractability: false, timeouts: {implicit: 0, pageLoad: 300000, script: 30000}, unhandledPromptBehavior: dismiss and notify, webauthn:extension:credBlob: true, webauthn:extension:largeBlob: true, webauthn:virtualAuthenticators: true}
Session ID: f8207584148d19b92b3040093bad22c9
	at sun.reflect.NativeConstructorAccessorImpl.newInstance0(Native Method)
	at sun.reflect.NativeConstructorAccessorImpl.newInstance(NativeConstructorAccessorImpl.java:62)
	at sun.reflect.DelegatingConstructorAccessorImpl.newInstance(DelegatingConstructorAccessorImpl.java:45)
	at java.lang.reflect.Constructor.newInstance(Constructor.java:423)
	at org.openqa.selenium.remote.codec.w3c.W3CHttpResponseCodec.createException(W3CHttpResponseCodec.java:200)
	at org.openqa.selenium.remote.codec.w3c.W3CHttpResponseCodec.decode(W3CHttpResponseCodec.java:133)
	at org.openqa.selenium.remote.codec.w3c.W3CHttpResponseCodec.decode(W3CHttpResponseCodec.java:53)
	at org.openqa.selenium.remote.HttpCommandExecutor.execute(HttpCommandExecutor.java:184)
	at org.openqa.selenium.remote.service.DriverCommandExecutor.invokeExecute(DriverCommandExecutor.java:167)
	at org.openqa.selenium.remote.service.DriverCommandExecutor.execute(DriverCommandExecutor.java:142)
	at org.openqa.selenium.remote.RemoteWebDriver.execute(RemoteWebDriver.java:558)
	at org.openqa.selenium.remote.ElementLocation$ElementFinder$2.findElement(ElementLocation.java:162)
	at org.openqa.selenium.remote.ElementLocation.findElement(ElementLocation.java:60)
	at org.openqa.selenium.remote.RemoteWebDriver.findElement(RemoteWebDriver.java:382)
	at org.openqa.selenium.remote.RemoteWebDriver.findElement(RemoteWebDriver.java:374)
	at yourCart.addProduct.addProduct1(addProduct.java:17)
	at stepDefinitions.stepDefinition.addToCartProducts(stepDefinition.java:63)
	at âœ½.: Add to cart products(file:///C:/Users/asani/IdeaProjects/CucumberTestng_AllureReport/src/test/resources/SwagLabs/2.YourCart.feature:6)

  And : Click the cart icon             # stepDefinitions.stepDefinition.clickTheCartIcon()
</system-out>
  </testcase>
  <testcase classname="CucumberRunner.TestRunner" name="tearDownClass" time="25.688">
    <failure message="java.net.UnknownHostException: messages.cucumber.io" type="java.lang.RuntimeException">java.lang.RuntimeException: java.net.UnknownHostException: messages.cucumber.io
	at io.cucumber.core.plugin.MessageFormatter.writeMessage(MessageFormatter.java:34)
	at io.cucumber.core.eventbus.AbstractEventPublisher.send(AbstractEventPublisher.java:51)
	at io.cucumber.core.eventbus.AbstractEventBus.send(AbstractEventBus.java:12)
	at io.cucumber.core.runtime.SynchronizedEventBus.send(SynchronizedEventBus.java:47)
	at io.cucumber.core.runtime.CucumberExecutionContext.emitTestRunFinished(CucumberExecutionContext.java:139)
	at io.cucumber.core.runtime.CucumberExecutionContext.finishTestRun(CucumberExecutionContext.java:118)
	at io.cucumber.testng.TestNGCucumberRunner.finish(TestNGCucumberRunner.java:145)
	at io.cucumber.testng.AbstractTestNGCucumberTests.tearDownClass(AbstractTestNGCucumberTests.java:57)
	at sun.reflect.NativeMethodAccessorImpl.invoke0(Native Method)
	at sun.reflect.NativeMethodAccessorImpl.invoke(NativeMethodAccessorImpl.java:62)
	at sun.reflect.DelegatingMethodAccessorImpl.invoke(DelegatingMethodAccessorImpl.java:43)
	at java.lang.reflect.Method.invoke(Method.java:498)
	at org.testng.internal.invokers.MethodInvocationHelper.invokeMethod(MethodInvocationHelper.java:135)
	at org.testng.internal.invokers.MethodInvocationHelper.invokeMethodConsideringTimeout(MethodInvocationHelper.java:65)
	at org.testng.internal.invokers.ConfigInvoker.invokeConfigurationMethod(ConfigInvoker.java:381)
	at org.testng.internal.invokers.ConfigInvoker.invokeConfigurations(ConfigInvoker.java:319)
	at org.testng.internal.invokers.TestMethodWorker.invokeAfterClassMethods(TestMethodWorker.java:220)
	at org.testng.internal.invokers.TestMethodWorker.run(TestMethodWorker.java:130)
	at java.util.ArrayList.forEach(ArrayList.java:1259)
	at org.testng.TestRunner.privateRun(TestRunner.java:808)
	at org.testng.TestRunner.run(TestRunner.java:603)
	at org.testng.SuiteRunner.runTest(SuiteRunner.java:429)
	at org.testng.SuiteRunner.runSequentially(SuiteRunner.java:423)
	at org.testng.SuiteRunner.privateRun(SuiteRunner.java:383)
	at org.testng.SuiteRunner.run(SuiteRunner.java:326)
	at org.testng.SuiteRunnerWorker.runSuite(SuiteRunnerWorker.java:52)
	at org.testng.SuiteRunnerWorker.run(SuiteRunnerWorker.java:95)
	at org.testng.TestNG.runSuitesSequentially(TestNG.java:1249)
	at org.testng.TestNG.runSuitesLocally(TestNG.java:1169)
	at org.testng.TestNG.runSuites(TestNG.java:1092)
	at org.testng.TestNG.run(TestNG.java:1060)
	at org.apache.maven.surefire.testng.TestNGExecutor.run(TestNGExecutor.java:77)
	at org.apache.maven.surefire.testng.TestNGDirectoryTestSuite.execute(TestNGDirectoryTestSuite.java:110)
	at org.apache.maven.surefire.testng.TestNGProvider.invoke(TestNGProvider.java:106)
	at sun.reflect.NativeMethodAccessorImpl.invoke0(Native Method)
	at sun.reflect.NativeMethodAccessorImpl.invoke(NativeMethodAccessorImpl.java:62)
	at sun.reflect.DelegatingMethodAccessorImpl.invoke(DelegatingMethodAccessorImpl.java:43)
	at java.lang.reflect.Method.invoke(Method.java:498)
	at org.apache.maven.surefire.util.ReflectionUtils.invokeMethodWithArray(ReflectionUtils.java:189)
	at org.apache.maven.surefire.booter.ProviderFactory$ProviderProxy.invoke(ProviderFactory.java:165)
	at org.apache.maven.surefire.booter.ProviderFactory.invokeProvider(ProviderFactory.java:85)
	at org.apache.maven.surefire.booter.ForkedBooter.runSuitesInProcess(ForkedBooter.java:115)
	at org.apache.maven.surefire.booter.ForkedBooter.main(ForkedBooter.java:75)
Caused by: java.net.UnknownHostException: messages.cucumber.io
	at sun.reflect.NativeConstructorAccessorImpl.newInstance0(Native Method)
	at sun.reflect.NativeConstructorAccessorImpl.newInstance(NativeConstructorAccessorImpl.java:62)
	at sun.reflect.DelegatingConstructorAccessorImpl.newInstance(DelegatingConstructorAccessorImpl.java:45)
	at java.lang.reflect.Constructor.newInstance(Constructor.java:423)
	at sun.net.www.protocol.http.HttpURLConnection$10.run(HttpURLConnection.java:1964)
	at sun.net.www.protocol.http.HttpURLConnection$10.run(HttpURLConnection.java:1959)
	at java.security.AccessController.doPrivileged(Native Method)
	at sun.net.www.protocol.http.HttpURLConnection.getChainedException(HttpURLConnection.java:1958)
	at sun.net.www.protocol.http.HttpURLConnection.getInputStream0(HttpURLConnection.java:1528)
	at sun.net.www.protocol.http.HttpURLConnection.getInputStream(HttpURLConnection.java:1512)
	at java.net.HttpURLConnection.getResponseCode(HttpURLConnection.java:480)
	at sun.net.www.protocol.https.HttpsURLConnectionImpl.getResponseCode(HttpsURLConnectionImpl.java:352)
	at io.cucumber.core.plugin.UrlOutputStream.getResponseBody(UrlOutputStream.java:125)
	at io.cucumber.core.plugin.UrlOutputStream.sendRequest(UrlOutputStream.java:87)
	at io.cucumber.core.plugin.UrlOutputStream.close(UrlOutputStream.java:65)
	at sun.nio.cs.StreamEncoder.implClose(StreamEncoder.java:320)
	at sun.nio.cs.StreamEncoder.close(StreamEncoder.java:149)
	at java.io.OutputStreamWriter.close(OutputStreamWriter.java:233)
	at io.cucumber.core.plugin.MessageFormatter.writeMessage(MessageFormatter.java:31)
	... 42 more
Caused by: java.net.UnknownHostException: messages.cucumber.io
	at java.net.AbstractPlainSocketImpl.connect(AbstractPlainSocketImpl.java:196)
	at java.net.PlainSocketImpl.connect(PlainSocketImpl.java:162)
	at java.net.SocksSocketImpl.connect(SocksSocketImpl.java:394)
	at java.net.Socket.connect(Socket.java:606)
	at sun.security.ssl.SSLSocketImpl.connect(SSLSocketImpl.java:287)
	at sun.security.ssl.BaseSSLSocketImpl.connect(BaseSSLSocketImpl.java:173)
	at sun.net.NetworkClient.doConnect(NetworkClient.java:180)
	at sun.net.www.http.HttpClient.openServer(HttpClient.java:463)
	at sun.net.www.http.HttpClient.openServer(HttpClient.java:558)
	at sun.net.www.protocol.https.HttpsClient.&lt;init&gt;(HttpsClient.java:292)
	at sun.net.www.protocol.https.HttpsClient.New(HttpsClient.java:395)
	at sun.net.www.protocol.https.AbstractDelegateHttpsURLConnection.getNewHttpClient(AbstractDelegateHttpsURLConnection.java:203)
	at sun.net.www.protocol.http.HttpURLConnection.plainConnect0(HttpURLConnection.java:1219)
	at sun.net.www.protocol.http.HttpURLConnection.plainConnect(HttpURLConnection.java:1061)
	at sun.net.www.protocol.https.AbstractDelegateHttpsURLConnection.connect(AbstractDelegateHttpsURLConnection.java:189)
	at sun.net.www.protocol.http.HttpURLConnection.getInputStream0(HttpURLConnection.java:1584)
	at sun.net.www.protocol.http.HttpURLConnection.getInputStream(HttpURLConnection.java:1512)
	at sun.net.www.protocol.http.HttpURLConnection.getHeaderFields(HttpURLConnection.java:3098)
	at sun.net.www.protocol.https.HttpsURLConnectionImpl.getHeaderFields(HttpsURLConnectionImpl.java:297)
	at io.cucumber.core.plugin.UrlOutputStream.getResponseBody(UrlOutputStream.java:124)
	... 48 more
Caused by: java.net.UnknownHostException: messages.cucumber.io
	at sun.reflect.NativeConstructorAccessorImpl.newInstance0(Native Method)
	at sun.reflect.NativeConstructorAccessorImpl.newInstance(NativeConstructorAccessorImpl.java:62)
	at sun.reflect.DelegatingConstructorAccessorImpl.newInstance(DelegatingConstructorAccessorImpl.java:45)
	at java.lang.reflect.Constructor.newInstance(Constructor.java:423)
	at sun.net.www.protocol.http.HttpURLConnection$10.run(HttpURLConnection.java:1964)
	at sun.net.www.protocol.http.HttpURLConnection$10.run(HttpURLConnection.java:1959)
	at java.security.AccessController.doPrivileged(Native Method)
	at sun.net.www.protocol.http.HttpURLConnection.getChainedException(HttpURLConnection.java:1958)
	at sun.net.www.protocol.http.HttpURLConnection.getInputStream0(HttpURLConnection.java:1528)
	at sun.net.www.protocol.http.HttpURLConnection.getInputStream(HttpURLConnection.java:1512)
	at java.net.HttpURLConnection.getResponseCode(HttpURLConnection.java:480)
	at sun.net.www.protocol.https.HttpsURLConnectionImpl.getResponseCode(HttpsURLConnectionImpl.java:352)
	at io.cucumber.core.plugin.UrlOutputStream.getResponseBody(UrlOutputStream.java:125)
	at io.cucumber.core.plugin.UrlOutputStream.sendRequest(UrlOutputStream.java:87)
	at io.cucumber.core.plugin.UrlOutputStream.close(UrlOutputStream.java:65)
	at sun.nio.cs.StreamEncoder.implClose(StreamEncoder.java:320)
	at sun.nio.cs.StreamEncoder.close(StreamEncoder.java:149)
	at java.io.OutputStreamWriter.close(OutputStreamWriter.java:233)
	at io.cucumber.core.plugin.MessageFormatter.writeMessage(MessageFormatter.java:31)
	... 42 more
Caused by: java.net.UnknownHostException: messages.cucumber.io
	at java.net.AbstractPlainSocketImpl.connect(AbstractPlainSocketImpl.java:196)
	at java.net.PlainSocketImpl.connect(PlainSocketImpl.java:162)
	at java.net.SocksSocketImpl.connect(SocksSocketImpl.java:394)
	at java.net.Socket.connect(Socket.java:606)
	at sun.security.ssl.SSLSocketImpl.connect(SSLSocketImpl.java:287)
	at sun.security.ssl.BaseSSLSocketImpl.connect(BaseSSLSocketImpl.java:173)
	at sun.net.NetworkClient.doConnect(NetworkClient.java:180)
	at sun.net.www.http.HttpClient.openServer(HttpClient.java:463)
	at sun.net.www.http.HttpClient.openServer(HttpClient.java:558)
	at sun.net.www.protocol.https.HttpsClient.&lt;init&gt;(HttpsClient.java:292)
	at sun.net.www.protocol.https.HttpsClient.New(HttpsClient.java:395)
	at sun.net.www.protocol.https.AbstractDelegateHttpsURLConnection.getNewHttpClient(AbstractDelegateHttpsURLConnection.java:203)
	at sun.net.www.protocol.http.HttpURLConnection.plainConnect0(HttpURLConnection.java:1219)
	at sun.net.www.protocol.http.HttpURLConnection.plainConnect(HttpURLConnection.java:1061)
	at sun.net.www.protocol.https.AbstractDelegateHttpsURLConnection.connect(AbstractDelegateHttpsURLConnection.java:189)
	at sun.net.www.protocol.http.HttpURLConnection.getInputStream0(HttpURLConnection.java:1584)
	at sun.net.www.protocol.http.HttpURLConnection.getInputStream(HttpURLConnection.java:1512)
	at sun.net.www.protocol.http.HttpURLConnection.getHeaderFields(HttpURLConnection.java:3098)
	at sun.net.www.protocol.https.HttpsURLConnectionImpl.getHeaderFields(HttpsURLConnectionImpl.java:297)
	at io.cucumber.core.plugin.UrlOutputStream.getResponseBody(UrlOutputStream.java:124)
	... 48 more
</failure>
  </testcase>
</testsuite>